<?xml version="1.0" encoding="UTF-8"?>
<testsuite xmlns:xsi="http://www.w3.org/2001/XMLSchema-instance" xsi:noNamespaceSchemaLocation="https://maven.apache.org/surefire/maven-surefire-plugin/xsd/surefire-test-report.xsd" name="TestSuite" time="254.02" tests="8" errors="0" skipped="0" failures="1">
  <properties>
    <property name="java.specification.version" value="14"/>
    <property name="sun.jnu.encoding" value="UTF-8"/>
    <property name="java.class.path" value="/Users/bleronhasani/Desktop/PunaAutomationsecond/target/test-classes:/Users/bleronhasani/Desktop/PunaAutomationsecond/target/classes:/Users/bleronhasani/.m2/repository/org/seleniumhq/selenium/selenium-java/3.141.59/selenium-java-3.141.59.jar:/Users/bleronhasani/.m2/repository/org/seleniumhq/selenium/selenium-api/3.141.59/selenium-api-3.141.59.jar:/Users/bleronhasani/.m2/repository/org/seleniumhq/selenium/selenium-chrome-driver/3.141.59/selenium-chrome-driver-3.141.59.jar:/Users/bleronhasani/.m2/repository/org/seleniumhq/selenium/selenium-edge-driver/3.141.59/selenium-edge-driver-3.141.59.jar:/Users/bleronhasani/.m2/repository/org/seleniumhq/selenium/selenium-firefox-driver/3.141.59/selenium-firefox-driver-3.141.59.jar:/Users/bleronhasani/.m2/repository/org/seleniumhq/selenium/selenium-ie-driver/3.141.59/selenium-ie-driver-3.141.59.jar:/Users/bleronhasani/.m2/repository/org/seleniumhq/selenium/selenium-opera-driver/3.141.59/selenium-opera-driver-3.141.59.jar:/Users/bleronhasani/.m2/repository/org/seleniumhq/selenium/selenium-remote-driver/3.141.59/selenium-remote-driver-3.141.59.jar:/Users/bleronhasani/.m2/repository/org/seleniumhq/selenium/selenium-safari-driver/3.141.59/selenium-safari-driver-3.141.59.jar:/Users/bleronhasani/.m2/repository/org/seleniumhq/selenium/selenium-support/3.141.59/selenium-support-3.141.59.jar:/Users/bleronhasani/.m2/repository/net/bytebuddy/byte-buddy/1.8.15/byte-buddy-1.8.15.jar:/Users/bleronhasani/.m2/repository/org/apache/commons/commons-exec/1.3/commons-exec-1.3.jar:/Users/bleronhasani/.m2/repository/com/google/guava/guava/25.0-jre/guava-25.0-jre.jar:/Users/bleronhasani/.m2/repository/com/google/code/findbugs/jsr305/1.3.9/jsr305-1.3.9.jar:/Users/bleronhasani/.m2/repository/org/checkerframework/checker-compat-qual/2.0.0/checker-compat-qual-2.0.0.jar:/Users/bleronhasani/.m2/repository/com/google/errorprone/error_prone_annotations/2.1.3/error_prone_annotations-2.1.3.jar:/Users/bleronhasani/.m2/repository/com/google/j2objc/j2objc-annotations/1.1/j2objc-annotations-1.1.jar:/Users/bleronhasani/.m2/repository/org/codehaus/mojo/animal-sniffer-annotations/1.14/animal-sniffer-annotations-1.14.jar:/Users/bleronhasani/.m2/repository/com/squareup/okhttp3/okhttp/3.11.0/okhttp-3.11.0.jar:/Users/bleronhasani/.m2/repository/com/squareup/okio/okio/1.14.0/okio-1.14.0.jar:/Users/bleronhasani/.m2/repository/org/testng/testng/7.0.0/testng-7.0.0.jar:/Users/bleronhasani/.m2/repository/com/beust/jcommander/1.72/jcommander-1.72.jar:/Users/bleronhasani/.m2/repository/io/github/bonigarcia/webdrivermanager/4.0.0/webdrivermanager-4.0.0.jar:/Users/bleronhasani/.m2/repository/org/slf4j/slf4j-api/1.7.30/slf4j-api-1.7.30.jar:/Users/bleronhasani/.m2/repository/commons-io/commons-io/2.6/commons-io-2.6.jar:/Users/bleronhasani/.m2/repository/com/google/code/gson/gson/2.8.6/gson-2.8.6.jar:/Users/bleronhasani/.m2/repository/org/apache/commons/commons-lang3/3.10/commons-lang3-3.10.jar:/Users/bleronhasani/.m2/repository/org/apache/httpcomponents/client5/httpclient5/5.0/httpclient5-5.0.jar:/Users/bleronhasani/.m2/repository/org/apache/httpcomponents/core5/httpcore5/5.0/httpcore5-5.0.jar:/Users/bleronhasani/.m2/repository/org/apache/httpcomponents/core5/httpcore5-h2/5.0/httpcore5-h2-5.0.jar:/Users/bleronhasani/.m2/repository/commons-codec/commons-codec/1.13/commons-codec-1.13.jar:/Users/bleronhasani/.m2/repository/org/rauschig/jarchivelib/1.0.0/jarchivelib-1.0.0.jar:/Users/bleronhasani/.m2/repository/org/apache/commons/commons-compress/1.18/commons-compress-1.18.jar:/Users/bleronhasani/.m2/repository/org/jsoup/jsoup/1.13.1/jsoup-1.13.1.jar:/Users/bleronhasani/.m2/repository/io/qameta/allure/allure-testng/2.13.3/allure-testng-2.13.3.jar:/Users/bleronhasani/.m2/repository/io/qameta/allure/allure-java-commons/2.13.3/allure-java-commons-2.13.3.jar:/Users/bleronhasani/.m2/repository/io/qameta/allure/allure-model/2.13.3/allure-model-2.13.3.jar:/Users/bleronhasani/.m2/repository/com/fasterxml/jackson/core/jackson-databind/2.9.8/jackson-databind-2.9.8.jar:/Users/bleronhasani/.m2/repository/com/fasterxml/jackson/core/jackson-annotations/2.9.0/jackson-annotations-2.9.0.jar:/Users/bleronhasani/.m2/repository/com/fasterxml/jackson/core/jackson-core/2.9.8/jackson-core-2.9.8.jar:/Users/bleronhasani/.m2/repository/org/apache/tika/tika-core/1.20/tika-core-1.20.jar:/Users/bleronhasani/.m2/repository/org/jooq/joor-java-8/0.9.10/joor-java-8-0.9.10.jar:"/>
    <property name="java.vm.vendor" value="Oracle Corporation"/>
    <property name="sun.arch.data.model" value="64"/>
    <property name="java.vendor.url" value="https://openjdk.java.net/"/>
    <property name="os.name" value="Mac OS X"/>
    <property name="java.vm.specification.version" value="14"/>
    <property name="sun.java.launcher" value="SUN_STANDARD"/>
    <property name="user.country" value="XK"/>
    <property name="sun.boot.library.path" value="/usr/local/Cellar/openjdk/14.0.1/libexec/openjdk.jdk/Contents/Home/lib"/>
    <property name="sun.java.command" value="/Users/bleronhasani/Desktop/PunaAutomationsecond/target/surefire/surefirebooter13365426362479038593.jar /Users/bleronhasani/Desktop/PunaAutomationsecond/target/surefire 2020-10-06T15-45-30_541-jvmRun1 surefire11204949193401339391tmp surefire_016623405295886811755tmp"/>
    <property name="http.nonProxyHosts" value="local|*.local|169.254/16|*.169.254/16"/>
    <property name="jdk.debug" value="release"/>
    <property name="surefire.test.class.path" value="/Users/bleronhasani/Desktop/PunaAutomationsecond/target/test-classes:/Users/bleronhasani/Desktop/PunaAutomationsecond/target/classes:/Users/bleronhasani/.m2/repository/org/seleniumhq/selenium/selenium-java/3.141.59/selenium-java-3.141.59.jar:/Users/bleronhasani/.m2/repository/org/seleniumhq/selenium/selenium-api/3.141.59/selenium-api-3.141.59.jar:/Users/bleronhasani/.m2/repository/org/seleniumhq/selenium/selenium-chrome-driver/3.141.59/selenium-chrome-driver-3.141.59.jar:/Users/bleronhasani/.m2/repository/org/seleniumhq/selenium/selenium-edge-driver/3.141.59/selenium-edge-driver-3.141.59.jar:/Users/bleronhasani/.m2/repository/org/seleniumhq/selenium/selenium-firefox-driver/3.141.59/selenium-firefox-driver-3.141.59.jar:/Users/bleronhasani/.m2/repository/org/seleniumhq/selenium/selenium-ie-driver/3.141.59/selenium-ie-driver-3.141.59.jar:/Users/bleronhasani/.m2/repository/org/seleniumhq/selenium/selenium-opera-driver/3.141.59/selenium-opera-driver-3.141.59.jar:/Users/bleronhasani/.m2/repository/org/seleniumhq/selenium/selenium-remote-driver/3.141.59/selenium-remote-driver-3.141.59.jar:/Users/bleronhasani/.m2/repository/org/seleniumhq/selenium/selenium-safari-driver/3.141.59/selenium-safari-driver-3.141.59.jar:/Users/bleronhasani/.m2/repository/org/seleniumhq/selenium/selenium-support/3.141.59/selenium-support-3.141.59.jar:/Users/bleronhasani/.m2/repository/net/bytebuddy/byte-buddy/1.8.15/byte-buddy-1.8.15.jar:/Users/bleronhasani/.m2/repository/org/apache/commons/commons-exec/1.3/commons-exec-1.3.jar:/Users/bleronhasani/.m2/repository/com/google/guava/guava/25.0-jre/guava-25.0-jre.jar:/Users/bleronhasani/.m2/repository/com/google/code/findbugs/jsr305/1.3.9/jsr305-1.3.9.jar:/Users/bleronhasani/.m2/repository/org/checkerframework/checker-compat-qual/2.0.0/checker-compat-qual-2.0.0.jar:/Users/bleronhasani/.m2/repository/com/google/errorprone/error_prone_annotations/2.1.3/error_prone_annotations-2.1.3.jar:/Users/bleronhasani/.m2/repository/com/google/j2objc/j2objc-annotations/1.1/j2objc-annotations-1.1.jar:/Users/bleronhasani/.m2/repository/org/codehaus/mojo/animal-sniffer-annotations/1.14/animal-sniffer-annotations-1.14.jar:/Users/bleronhasani/.m2/repository/com/squareup/okhttp3/okhttp/3.11.0/okhttp-3.11.0.jar:/Users/bleronhasani/.m2/repository/com/squareup/okio/okio/1.14.0/okio-1.14.0.jar:/Users/bleronhasani/.m2/repository/org/testng/testng/7.0.0/testng-7.0.0.jar:/Users/bleronhasani/.m2/repository/com/beust/jcommander/1.72/jcommander-1.72.jar:/Users/bleronhasani/.m2/repository/io/github/bonigarcia/webdrivermanager/4.0.0/webdrivermanager-4.0.0.jar:/Users/bleronhasani/.m2/repository/org/slf4j/slf4j-api/1.7.30/slf4j-api-1.7.30.jar:/Users/bleronhasani/.m2/repository/commons-io/commons-io/2.6/commons-io-2.6.jar:/Users/bleronhasani/.m2/repository/com/google/code/gson/gson/2.8.6/gson-2.8.6.jar:/Users/bleronhasani/.m2/repository/org/apache/commons/commons-lang3/3.10/commons-lang3-3.10.jar:/Users/bleronhasani/.m2/repository/org/apache/httpcomponents/client5/httpclient5/5.0/httpclient5-5.0.jar:/Users/bleronhasani/.m2/repository/org/apache/httpcomponents/core5/httpcore5/5.0/httpcore5-5.0.jar:/Users/bleronhasani/.m2/repository/org/apache/httpcomponents/core5/httpcore5-h2/5.0/httpcore5-h2-5.0.jar:/Users/bleronhasani/.m2/repository/commons-codec/commons-codec/1.13/commons-codec-1.13.jar:/Users/bleronhasani/.m2/repository/org/rauschig/jarchivelib/1.0.0/jarchivelib-1.0.0.jar:/Users/bleronhasani/.m2/repository/org/apache/commons/commons-compress/1.18/commons-compress-1.18.jar:/Users/bleronhasani/.m2/repository/org/jsoup/jsoup/1.13.1/jsoup-1.13.1.jar:/Users/bleronhasani/.m2/repository/io/qameta/allure/allure-testng/2.13.3/allure-testng-2.13.3.jar:/Users/bleronhasani/.m2/repository/io/qameta/allure/allure-java-commons/2.13.3/allure-java-commons-2.13.3.jar:/Users/bleronhasani/.m2/repository/io/qameta/allure/allure-model/2.13.3/allure-model-2.13.3.jar:/Users/bleronhasani/.m2/repository/com/fasterxml/jackson/core/jackson-databind/2.9.8/jackson-databind-2.9.8.jar:/Users/bleronhasani/.m2/repository/com/fasterxml/jackson/core/jackson-annotations/2.9.0/jackson-annotations-2.9.0.jar:/Users/bleronhasani/.m2/repository/com/fasterxml/jackson/core/jackson-core/2.9.8/jackson-core-2.9.8.jar:/Users/bleronhasani/.m2/repository/org/apache/tika/tika-core/1.20/tika-core-1.20.jar:/Users/bleronhasani/.m2/repository/org/jooq/joor-java-8/0.9.10/joor-java-8-0.9.10.jar:"/>
    <property name="sun.cpu.endian" value="little"/>
    <property name="user.home" value="/Users/bleronhasani"/>
    <property name="user.language" value="en"/>
    <property name="java.specification.vendor" value="Oracle Corporation"/>
    <property name="java.version.date" value="2020-04-14"/>
    <property name="java.home" value="/usr/local/Cellar/openjdk/14.0.1/libexec/openjdk.jdk/Contents/Home"/>
    <property name="file.separator" value="/"/>
    <property name="basedir" value="/Users/bleronhasani/Desktop/PunaAutomationsecond"/>
    <property name="java.vm.compressedOopsMode" value="Zero based"/>
    <property name="line.separator" value="&#10;"/>
    <property name="java.specification.name" value="Java Platform API Specification"/>
    <property name="java.vm.specification.vendor" value="Oracle Corporation"/>
    <property name="surefire.real.class.path" value="/Users/bleronhasani/Desktop/PunaAutomationsecond/target/surefire/surefirebooter13365426362479038593.jar"/>
    <property name="sun.management.compiler" value="HotSpot 64-Bit Tiered Compilers"/>
    <property name="ftp.nonProxyHosts" value="local|*.local|169.254/16|*.169.254/16"/>
    <property name="java.runtime.version" value="14.0.1+14"/>
    <property name="user.name" value="bleronhasani"/>
    <property name="path.separator" value=":"/>
    <property name="os.version" value="10.15.6"/>
    <property name="java.runtime.name" value="OpenJDK Runtime Environment"/>
    <property name="file.encoding" value="UTF-8"/>
    <property name="java.vm.name" value="OpenJDK 64-Bit Server VM"/>
    <property name="localRepository" value="/Users/bleronhasani/.m2/repository"/>
    <property name="java.vendor.url.bug" value="https://bugreport.java.com/bugreport/"/>
    <property name="java.io.tmpdir" value="/var/folders/k2/ql842xwj4gq8wx08d9q76hm40000gn/T/"/>
    <property name="java.version" value="14.0.1"/>
    <property name="user.dir" value="/Users/bleronhasani/Desktop/PunaAutomationsecond"/>
    <property name="os.arch" value="x86_64"/>
    <property name="java.vm.specification.name" value="Java Virtual Machine Specification"/>
    <property name="java.library.path" value="/Users/bleronhasani/Library/Java/Extensions:/Library/Java/Extensions:/Network/Library/Java/Extensions:/System/Library/Java/Extensions:/usr/lib/java:."/>
    <property name="java.vm.info" value="mixed mode, sharing"/>
    <property name="java.vendor" value="N/A"/>
    <property name="java.vm.version" value="14.0.1+14"/>
    <property name="sun.io.unicode.encoding" value="UnicodeBig"/>
    <property name="socksNonProxyHosts" value="local|*.local|169.254/16|*.169.254/16"/>
    <property name="java.class.version" value="58.0"/>
  </properties>
  <testcase name="testMethod" classname="com.tests.LoginTests" time="6.855"/>
  <testcase name="testMethod" classname="com.tests.NavDepartmentsTests" time="9.302"/>
  <testcase name="testMethod" classname="com.tests.SideManagementTests" time="71.272"/>
  <testcase name="testMethod" classname="com.tests.SideChatPageTests" time="55.954"/>
  <testcase name="testMethod" classname="com.tests.NavFileTests" time="13.195">
    <failure message="element click intercepted: Element &lt;span&gt;...&lt;/span&gt; is not clickable at point (168, 424). Other element would receive the click: &lt;div aria-hidden=&quot;true&quot; style=&quot;z-index: -1; position: fixed; right: 0px; bottom: 0px; top: 0px; left: 0px; background-color: rgba(0, 0, 0, 0.5); -webkit-tap-highlight-color: transparent;&quot;&gt;&lt;/div&gt;&#10;  (Session info: chrome=85.0.4183.121)&#10;Build info: version: &apos;3.141.59&apos;, revision: &apos;e82be7d358&apos;, time: &apos;2018-11-14T08:17:03&apos;&#10;System info: host: &apos;Blerons-iMac.local&apos;, ip: &apos;192.168.0.103&apos;, os.name: &apos;Mac OS X&apos;, os.arch: &apos;x86_64&apos;, os.version: &apos;10.15.6&apos;, java.version: &apos;14.0.1&apos;&#10;Driver info: org.openqa.selenium.chrome.ChromeDriver&#10;Capabilities {acceptInsecureCerts: false, browserName: chrome, browserVersion: 85.0.4183.121, chrome: {chromedriverVersion: 85.0.4183.87 (cd6713ebf92fa..., userDataDir: /var/folders/k2/ql842xwj4gq...}, goog:chromeOptions: {debuggerAddress: localhost:61093}, javascriptEnabled: true, networkConnectionEnabled: false, pageLoadStrategy: normal, platform: MAC, platformName: MAC, proxy: Proxy(), setWindowRect: true, strictFileInteractability: false, timeouts: {implicit: 0, pageLoad: 300000, script: 30000}, unhandledPromptBehavior: dismiss and notify, webauthn:virtualAuthenticators: true}&#10;Session ID: 289830ddef1820ea80d1d587423ce7a8" type="org.openqa.selenium.ElementClickInterceptedException"><![CDATA[org.openqa.selenium.ElementClickInterceptedException: 
element click intercepted: Element <span>...</span> is not clickable at point (168, 424). Other element would receive the click: <div aria-hidden="true" style="z-index: -1; position: fixed; right: 0px; bottom: 0px; top: 0px; left: 0px; background-color: rgba(0, 0, 0, 0.5); -webkit-tap-highlight-color: transparent;"></div>
  (Session info: chrome=85.0.4183.121)
Build info: version: '3.141.59', revision: 'e82be7d358', time: '2018-11-14T08:17:03'
System info: host: 'Blerons-iMac.local', ip: '192.168.0.103', os.name: 'Mac OS X', os.arch: 'x86_64', os.version: '10.15.6', java.version: '14.0.1'
Driver info: org.openqa.selenium.chrome.ChromeDriver
Capabilities {acceptInsecureCerts: false, browserName: chrome, browserVersion: 85.0.4183.121, chrome: {chromedriverVersion: 85.0.4183.87 (cd6713ebf92fa..., userDataDir: /var/folders/k2/ql842xwj4gq...}, goog:chromeOptions: {debuggerAddress: localhost:61093}, javascriptEnabled: true, networkConnectionEnabled: false, pageLoadStrategy: normal, platform: MAC, platformName: MAC, proxy: Proxy(), setWindowRect: true, strictFileInteractability: false, timeouts: {implicit: 0, pageLoad: 300000, script: 30000}, unhandledPromptBehavior: dismiss and notify, webauthn:virtualAuthenticators: true}
Session ID: 289830ddef1820ea80d1d587423ce7a8
	at com.tests.NavFileTests.testMethod(NavFileTests.java:24)
]]></failure>
    <system-out><![CDATA[------- Opening Browser -------
]]></system-out>
    <system-err><![CDATA[Starting ChromeDriver 85.0.4183.87 (cd6713ebf92fa1cacc0f1a598df280093af0c5d7-refs/branch-heads/4183@{#1689}) on port 26033
Only local connections are allowed.
Please see https://chromedriver.chromium.org/security-considerations for suggestions on keeping ChromeDriver safe.
ChromeDriver was started successfully.
Oct 06, 2020 3:48:12 PM org.openqa.selenium.remote.ProtocolHandshake createSession
INFO: Detected dialect: W3C
]]></system-err>
  </testcase>
  <testcase name="testMethod" classname="com.tests.NavUsersTests" time="24.433"/>
  <testcase name="testMethod" classname="com.tests.NavProfileTests" time="19.939"/>
  <testcase name="testMethod" classname="com.tests.NavSettingsTests" time="19.551"/>
</testsuite>