<?xml version="1.0" encoding="UTF-8"?>
<!-- Generated by org.testng.reporters.JUnitReportReporter -->
<testsuite hostname="Blerons-iMac.local" failures="0" tests="1" name="com.tests.LoginTests" time="12.182" errors="0" timestamp="2020-10-06T15:49:45 CEST" skipped="0">
  <testcase classname="com.tests.LoginTests" name="testMethod" time="12.182"/>
</testsuite> <!-- com.tests.LoginTests -->
