<?xml version="1.0" encoding="UTF-8"?>
<!-- Generated by org.testng.reporters.JUnitReportReporter -->
<testsuite hostname="Blerons-iMac.local" failures="0" tests="1" name="com.tests.NavDepartmentsTests" time="13.823" errors="0" timestamp="2020-10-06T15:49:45 CEST" skipped="0">
  <testcase classname="com.tests.NavDepartmentsTests" name="testMethod" time="13.823"/>
</testsuite> <!-- com.tests.NavDepartmentsTests -->
