<?xml version="1.0" encoding="UTF-8"?>
<!-- Generated by org.testng.reporters.JUnitReportReporter -->
<testsuite hostname="Blerons-iMac.local" failures="0" tests="1" name="com.tests.NavProfileTests" time="22.549" errors="0" timestamp="2020-10-06T15:49:45 CEST" skipped="0">
  <testcase classname="com.tests.NavProfileTests" name="testMethod" time="22.549"/>
</testsuite> <!-- com.tests.NavProfileTests -->
