<?xml version="1.0" encoding="UTF-8"?>
<!-- Generated by org.testng.reporters.JUnitReportReporter -->
<testsuite hostname="Blerons-iMac.local" failures="0" tests="1" name="com.tests.SideChatPageTests" time="58.640" errors="0" timestamp="2020-10-06T15:49:45 CEST" skipped="0">
  <testcase classname="com.tests.SideChatPageTests" name="testMethod" time="58.640"/>
</testsuite> <!-- com.tests.SideChatPageTests -->
